[Fri Mar 01 03:39:36.472402 2019] [php7:warn] [pid 1368] [client ::1:55418] PHP Warning:  include_once(/mnt/d/http/shimada/lib/php/../../webroot/header.php): failed to open stream: No such file or directory in /mnt/d/http/shimada/lib/php/page.class.php on line 39
[Fri Mar 01 03:39:36.472662 2019] [php7:warn] [pid 1368] [client ::1:55418] PHP Warning:  include_once(): Failed opening '/mnt/d/http/shimada/lib/php/../../webroot/header.php' for inclusion (include_path='.:/usr/share/php') in /mnt/d/http/shimada/lib/php/page.class.php on line 39
[Fri Mar 01 03:39:36.472731 2019] [php7:notice] [pid 1368] [client ::1:55418] PHP Notice:  Array to string conversion in /mnt/d/http/shimada/lib/php/page.class.php on line 40
[Fri Mar 01 03:39:36.472763 2019] [php7:notice] [pid 1368] [client ::1:55418] PHP Notice:  Undefined variable: Array in /mnt/d/http/shimada/lib/php/page.class.php on line 40
[Fri Mar 01 03:39:36.473479 2019] [php7:warn] [pid 1368] [client ::1:55418] PHP Warning:  Invalid argument supplied for foreach() in /mnt/d/http/shimada/lib/php/page.class.php on line 40
[Fri Mar 01 03:39:36.474074 2019] [php7:warn] [pid 1368] [client ::1:55418] PHP Warning:  include_once(/mnt/d/http/shimada/lib/php/../../webroot/footer.php): failed to open stream: No such file or directory in /mnt/d/http/shimada/lib/php/page.class.php on line 39
[Fri Mar 01 03:39:36.474103 2019] [php7:warn] [pid 1368] [client ::1:55418] PHP Warning:  include_once(): Failed opening '/mnt/d/http/shimada/lib/php/../../webroot/footer.php' for inclusion (include_path='.:/usr/share/php') in /mnt/d/http/shimada/lib/php/page.class.php on line 39
[Fri Mar 01 03:41:38.281639 2019] [php7:warn] [pid 1365] [client ::1:55535] PHP Warning:  include_once(/mnt/d/http/shimada/lib/php/../../webroot/header.php): failed to open stream: No such file or directory in /mnt/d/http/shimada/lib/php/page.class.php on line 39
[Fri Mar 01 03:41:38.281697 2019] [php7:warn] [pid 1365] [client ::1:55535] PHP Warning:  include_once(): Failed opening '/mnt/d/http/shimada/lib/php/../../webroot/header.php' for inclusion (include_path='.:/usr/share/php') in /mnt/d/http/shimada/lib/php/page.class.php on line 39
[Fri Mar 01 03:41:38.281714 2019] [php7:notice] [pid 1365] [client ::1:55535] PHP Notice:  Array to string conversion in /mnt/d/http/shimada/lib/php/page.class.php on line 40
[Fri Mar 01 03:41:38.281726 2019] [php7:notice] [pid 1365] [client ::1:55535] PHP Notice:  Undefined variable: Array in /mnt/d/http/shimada/lib/php/page.class.php on line 40
[Fri Mar 01 03:41:38.281733 2019] [php7:warn] [pid 1365] [client ::1:55535] PHP Warning:  Invalid argument supplied for foreach() in /mnt/d/http/shimada/lib/php/page.class.php on line 40
[Fri Mar 01 03:41:38.282082 2019] [php7:warn] [pid 1365] [client ::1:55535] PHP Warning:  include_once(/mnt/d/http/shimada/lib/php/../../webroot/footer.php): failed to open stream: No such file or directory in /mnt/d/http/shimada/lib/php/page.class.php on line 39
[Fri Mar 01 03:41:38.282109 2019] [php7:warn] [pid 1365] [client ::1:55535] PHP Warning:  include_once(): Failed opening '/mnt/d/http/shimada/lib/php/../../webroot/footer.php' for inclusion (include_path='.:/usr/share/php') in /mnt/d/http/shimada/lib/php/page.class.php on line 39
[Fri Mar 01 03:42:30.325874 2019] [php7:warn] [pid 1365] [client ::1:55588] PHP Warning:  include_once(/mnt/d/http/shimada/lib/php/../../webroot/header.php): failed to open stream: No such file or directory in /mnt/d/http/shimada/lib/php/page.class.php on line 39
[Fri Mar 01 03:42:30.325930 2019] [php7:warn] [pid 1365] [client ::1:55588] PHP Warning:  include_once(): Failed opening '/mnt/d/http/shimada/lib/php/../../webroot/header.php' for inclusion (include_path='.:/usr/share/php') in /mnt/d/http/shimada/lib/php/page.class.php on line 39
[Fri Mar 01 03:42:30.325958 2019] [php7:notice] [pid 1365] [client ::1:55588] PHP Notice:  Array to string conversion in /mnt/d/http/shimada/lib/php/page.class.php on line 40
[Fri Mar 01 03:42:30.325972 2019] [php7:notice] [pid 1365] [client ::1:55588] PHP Notice:  Undefined variable: Array in /mnt/d/http/shimada/lib/php/page.class.php on line 40
[Fri Mar 01 03:42:30.326085 2019] [php7:warn] [pid 1365] [client ::1:55588] PHP Warning:  Invalid argument supplied for foreach() in /mnt/d/http/shimada/lib/php/page.class.php on line 40
[Fri Mar 01 03:42:30.326552 2019] [php7:warn] [pid 1365] [client ::1:55588] PHP Warning:  include_once(/mnt/d/http/shimada/lib/php/../../webroot/footer.php): failed to open stream: No such file or directory in /mnt/d/http/shimada/lib/php/page.class.php on line 39
[Fri Mar 01 03:42:30.326575 2019] [php7:warn] [pid 1365] [client ::1:55588] PHP Warning:  include_once(): Failed opening '/mnt/d/http/shimada/lib/php/../../webroot/footer.php' for inclusion (include_path='.:/usr/share/php') in /mnt/d/http/shimada/lib/php/page.class.php on line 39
[Fri Mar 01 03:44:08.953995 2019] [php7:warn] [pid 1365] [client ::1:55679] PHP Warning:  include_once(/mnt/d/http/shimada/lib/php/../../webroot/views/header.php): failed to open stream: No such file or directory in /mnt/d/http/shimada/lib/php/page.class.php on line 39
[Fri Mar 01 03:44:08.954057 2019] [php7:warn] [pid 1365] [client ::1:55679] PHP Warning:  include_once(): Failed opening '/mnt/d/http/shimada/lib/php/../../webroot/views/header.php' for inclusion (include_path='.:/usr/share/php') in /mnt/d/http/shimada/lib/php/page.class.php on line 39
[Fri Mar 01 03:44:08.954482 2019] [php7:warn] [pid 1365] [client ::1:55679] PHP Warning:  include_once(/mnt/d/http/shimada/lib/php/../../webroot/views/footer.php): failed to open stream: No such file or directory in /mnt/d/http/shimada/lib/php/page.class.php on line 39
[Fri Mar 01 03:44:08.954513 2019] [php7:warn] [pid 1365] [client ::1:55679] PHP Warning:  include_once(): Failed opening '/mnt/d/http/shimada/lib/php/../../webroot/views/footer.php' for inclusion (include_path='.:/usr/share/php') in /mnt/d/http/shimada/lib/php/page.class.php on line 39
[Fri Mar 01 03:44:16.080251 2019] [php7:warn] [pid 1382] [client ::1:55693] PHP Warning:  include_once(/mnt/d/http/shimada/lib/php/../../webroot/views/header.php): failed to open stream: No such file or directory in /mnt/d/http/shimada/lib/php/page.class.php on line 39
[Fri Mar 01 03:44:16.080331 2019] [php7:warn] [pid 1382] [client ::1:55693] PHP Warning:  include_once(): Failed opening '/mnt/d/http/shimada/lib/php/../../webroot/views/header.php' for inclusion (include_path='.:/usr/share/php') in /mnt/d/http/shimada/lib/php/page.class.php on line 39
[Fri Mar 01 03:44:16.080569 2019] [php7:warn] [pid 1382] [client ::1:55693] PHP Warning:  include_once(/mnt/d/http/shimada/lib/php/../../webroot/views/footer.php): failed to open stream: No such file or directory in /mnt/d/http/shimada/lib/php/page.class.php on line 39
[Fri Mar 01 03:44:16.080584 2019] [php7:warn] [pid 1382] [client ::1:55693] PHP Warning:  include_once(): Failed opening '/mnt/d/http/shimada/lib/php/../../webroot/views/footer.php' for inclusion (include_path='.:/usr/share/php') in /mnt/d/http/shimada/lib/php/page.class.php on line 39
[Fri Mar 01 03:47:23.170955 2019] [php7:warn] [pid 1365] [client ::1:55865] PHP Warning:  include_once(/mnt/d/http/shimada/lib/php/../../webroot/views/header.php): failed to open stream: No such file or directory in /mnt/d/http/shimada/lib/php/page.class.php on line 39
[Fri Mar 01 03:47:23.171014 2019] [php7:warn] [pid 1365] [client ::1:55865] PHP Warning:  include_once(): Failed opening '/mnt/d/http/shimada/lib/php/../../webroot/views/header.php' for inclusion (include_path='.:/usr/share/php') in /mnt/d/http/shimada/lib/php/page.class.php on line 39
[Fri Mar 01 03:47:23.171500 2019] [php7:warn] [pid 1365] [client ::1:55865] PHP Warning:  include_once(/mnt/d/http/shimada/lib/php/../../webroot/views/footer.php): failed to open stream: No such file or directory in /mnt/d/http/shimada/lib/php/page.class.php on line 39
[Fri Mar 01 03:47:23.171523 2019] [php7:warn] [pid 1365] [client ::1:55865] PHP Warning:  include_once(): Failed opening '/mnt/d/http/shimada/lib/php/../../webroot/views/footer.php' for inclusion (include_path='.:/usr/share/php') in /mnt/d/http/shimada/lib/php/page.class.php on line 39
[Wed Mar 06 19:04:01.870893 2019] [php7:error] [pid 614] [client ::1:63515] PHP Fatal error:  Uncaught Error: Class 'Favicon' not found in /mnt/d/http/shimada/index.php(24) : eval()'d code:1\nStack trace:\n#0 /mnt/d/http/shimada/index.php(24): eval()\n#1 {main}\n  thrown in /mnt/d/http/shimada/index.php(24) : eval()'d code on line 1, referer: http://localhost/
[Fri Mar 08 04:31:33.920475 2019] [php7:error] [pid 566] [client ::1:63825] PHP Fatal error:  Uncaught Error: Class 'Favicon' not found in /mnt/d/http/shimada/index.php(24) : eval()'d code:1\nStack trace:\n#0 /mnt/d/http/shimada/index.php(24): eval()\n#1 {main}\n  thrown in /mnt/d/http/shimada/index.php(24) : eval()'d code on line 1, referer: http://localhost/
[Fri Mar 08 04:42:52.418743 2019] [php7:warn] [pid 580] [client ::1:64643] PHP Warning:  include_once(/mnt/d/http/shimada/lib/php/../../webroot/views/home/aside.php): failed to open stream: No such file or directory in /mnt/d/http/shimada/lib/php/page.class.php on line 42
[Fri Mar 08 04:42:52.418832 2019] [php7:warn] [pid 580] [client ::1:64643] PHP Warning:  include_once(): Failed opening '/mnt/d/http/shimada/lib/php/../../webroot/views/home/aside.php' for inclusion (include_path='.:/usr/share/php') in /mnt/d/http/shimada/lib/php/page.class.php on line 42
[Fri Mar 08 04:43:06.650509 2019] [php7:warn] [pid 566] [client ::1:64664] PHP Warning:  include_once(/mnt/d/http/shimada/lib/php/../../webroot/views/home/aside.php): failed to open stream: No such file or directory in /mnt/d/http/shimada/lib/php/page.class.php on line 42
[Fri Mar 08 04:43:06.650707 2019] [php7:warn] [pid 566] [client ::1:64664] PHP Warning:  include_once(): Failed opening '/mnt/d/http/shimada/lib/php/../../webroot/views/home/aside.php' for inclusion (include_path='.:/usr/share/php') in /mnt/d/http/shimada/lib/php/page.class.php on line 42
[Fri Mar 08 04:43:54.464057 2019] [php7:warn] [pid 563] [client ::1:64711] PHP Warning:  include_once(/mnt/d/http/shimada/lib/php/../../webroot/views/home/aside.php): failed to open stream: No such file or directory in /mnt/d/http/shimada/lib/php/page.class.php on line 42
[Fri Mar 08 04:43:54.464123 2019] [php7:warn] [pid 563] [client ::1:64711] PHP Warning:  include_once(): Failed opening '/mnt/d/http/shimada/lib/php/../../webroot/views/home/aside.php' for inclusion (include_path='.:/usr/share/php') in /mnt/d/http/shimada/lib/php/page.class.php on line 42
[Fri Mar 08 04:47:04.784383 2019] [php7:emerg] [pid 563] [client ::1:64895] PHP Parse error:  syntax error, unexpected 'else' (T_ELSE) in /mnt/d/http/shimada/lib/php/page.class.php on line 43
[Fri Mar 08 04:55:08.702653 2019] [php7:warn] [pid 577] [client ::1:65400] PHP Warning:  include_once(/mnt/d/http/shimada/lib/php/../../webroot/views/home/main.php): failed to open stream: No such file or directory in /mnt/d/http/shimada/lib/php/page.class.php on line 42
[Fri Mar 08 04:55:08.702693 2019] [php7:warn] [pid 577] [client ::1:65400] PHP Warning:  include_once(): Failed opening '/mnt/d/http/shimada/lib/php/../../webroot/views/home/main.php' for inclusion (include_path='.:/usr/share/php') in /mnt/d/http/shimada/lib/php/page.class.php on line 42
[Fri Mar 08 04:55:09.545587 2019] [php7:warn] [pid 577] [client ::1:65400] PHP Warning:  include_once(/mnt/d/http/shimada/lib/php/../../webroot/views/home/main.php): failed to open stream: No such file or directory in /mnt/d/http/shimada/lib/php/page.class.php on line 42
[Fri Mar 08 04:55:09.545618 2019] [php7:warn] [pid 577] [client ::1:65400] PHP Warning:  include_once(): Failed opening '/mnt/d/http/shimada/lib/php/../../webroot/views/home/main.php' for inclusion (include_path='.:/usr/share/php') in /mnt/d/http/shimada/lib/php/page.class.php on line 42
[Fri Mar 08 04:55:09.657578 2019] [php7:warn] [pid 577] [client ::1:65400] PHP Warning:  include_once(/mnt/d/http/shimada/lib/php/../../webroot/views/home/main.php): failed to open stream: No such file or directory in /mnt/d/http/shimada/lib/php/page.class.php on line 42
[Fri Mar 08 04:55:09.657605 2019] [php7:warn] [pid 577] [client ::1:65400] PHP Warning:  include_once(): Failed opening '/mnt/d/http/shimada/lib/php/../../webroot/views/home/main.php' for inclusion (include_path='.:/usr/share/php') in /mnt/d/http/shimada/lib/php/page.class.php on line 42
[Fri Mar 08 04:55:09.785852 2019] [php7:warn] [pid 577] [client ::1:65400] PHP Warning:  include_once(/mnt/d/http/shimada/lib/php/../../webroot/views/home/main.php): failed to open stream: No such file or directory in /mnt/d/http/shimada/lib/php/page.class.php on line 42
[Fri Mar 08 04:55:09.785889 2019] [php7:warn] [pid 577] [client ::1:65400] PHP Warning:  include_once(): Failed opening '/mnt/d/http/shimada/lib/php/../../webroot/views/home/main.php' for inclusion (include_path='.:/usr/share/php') in /mnt/d/http/shimada/lib/php/page.class.php on line 42
[Fri Mar 08 04:55:09.884052 2019] [php7:warn] [pid 577] [client ::1:65400] PHP Warning:  include_once(/mnt/d/http/shimada/lib/php/../../webroot/views/home/main.php): failed to open stream: No such file or directory in /mnt/d/http/shimada/lib/php/page.class.php on line 42
[Fri Mar 08 04:55:09.884086 2019] [php7:warn] [pid 577] [client ::1:65400] PHP Warning:  include_once(): Failed opening '/mnt/d/http/shimada/lib/php/../../webroot/views/home/main.php' for inclusion (include_path='.:/usr/share/php') in /mnt/d/http/shimada/lib/php/page.class.php on line 42
[Fri Mar 08 04:55:10.026703 2019] [php7:warn] [pid 577] [client ::1:65400] PHP Warning:  include_once(/mnt/d/http/shimada/lib/php/../../webroot/views/home/main.php): failed to open stream: No such file or directory in /mnt/d/http/shimada/lib/php/page.class.php on line 42
[Fri Mar 08 04:55:10.026756 2019] [php7:warn] [pid 577] [client ::1:65400] PHP Warning:  include_once(): Failed opening '/mnt/d/http/shimada/lib/php/../../webroot/views/home/main.php' for inclusion (include_path='.:/usr/share/php') in /mnt/d/http/shimada/lib/php/page.class.php on line 42
[Fri Mar 08 05:22:07.571846 2019] [php7:emerg] [pid 579] [client ::1:50878] PHP Parse error:  syntax error, unexpected 'IO' (T_STRING) in /mnt/d/http/shimada/webroot/views/templates/default_layout.php on line 17
[Fri Mar 08 05:23:00.334654 2019] [php7:error] [pid 576] [client ::1:50932] PHP Fatal error:  Uncaught Error: Class 'Style' not found in /mnt/d/http/shimada/index.php(24) : eval()'d code:1\nStack trace:\n#0 /mnt/d/http/shimada/index.php(24): eval()\n#1 {main}\n  thrown in /mnt/d/http/shimada/index.php(24) : eval()'d code on line 1, referer: http://localhost/
[Fri Mar 08 05:23:00.343301 2019] [php7:error] [pid 575] [client ::1:50933] PHP Fatal error:  Uncaught Error: Class 'Script' not found in /mnt/d/http/shimada/index.php(24) : eval()'d code:1\nStack trace:\n#0 /mnt/d/http/shimada/index.php(24): eval()\n#1 {main}\n  thrown in /mnt/d/http/shimada/index.php(24) : eval()'d code on line 1, referer: http://localhost/
[Fri Mar 08 05:23:00.381113 2019] [php7:error] [pid 579] [client ::1:50928] PHP Fatal error:  Uncaught Error: Class 'Script' not found in /mnt/d/http/shimada/index.php(24) : eval()'d code:1\nStack trace:\n#0 /mnt/d/http/shimada/index.php(24): eval()\n#1 {main}\n  thrown in /mnt/d/http/shimada/index.php(24) : eval()'d code on line 1, referer: http://localhost/
[Fri Mar 08 05:23:00.387308 2019] [php7:error] [pid 579] [client ::1:50928] PHP Fatal error:  Uncaught Error: Class 'Style' not found in /mnt/d/http/shimada/index.php(24) : eval()'d code:1\nStack trace:\n#0 /mnt/d/http/shimada/index.php(24): eval()\n#1 {main}\n  thrown in /mnt/d/http/shimada/index.php(24) : eval()'d code on line 1, referer: http://localhost/
[Fri Mar 08 06:11:36.699229 2019] [php7:warn] [pid 563] [client ::1:53645] PHP Warning:  Use of undefined constant DC - assumed 'DC' (this will throw an Error in a future version of PHP) in /mnt/d/http/shimada/lib/php/page.class.php on line 48
[Fri Mar 08 06:11:36.699275 2019] [php7:warn] [pid 563] [client ::1:53645] PHP Warning:  Use of undefined constant DC - assumed 'DC' (this will throw an Error in a future version of PHP) in /mnt/d/http/shimada/lib/php/page.class.php on line 48
[Fri Mar 08 06:11:36.699504 2019] [php7:warn] [pid 563] [client ::1:53645] PHP Warning:  Use of undefined constant DC - assumed 'DC' (this will throw an Error in a future version of PHP) in /mnt/d/http/shimada/lib/php/page.class.php on line 72
[Fri Mar 08 06:11:36.699601 2019] [php7:warn] [pid 563] [client ::1:53645] PHP Warning:  Use of undefined constant DC - assumed 'DC' (this will throw an Error in a future version of PHP) in /mnt/d/http/shimada/lib/php/page.class.php on line 72
[Fri Mar 08 06:11:36.699622 2019] [php7:warn] [pid 563] [client ::1:53645] PHP Warning:  Use of undefined constant DC - assumed 'DC' (this will throw an Error in a future version of PHP) in /mnt/d/http/shimada/lib/php/page.class.php on line 72
[Fri Mar 08 06:11:36.699822 2019] [php7:warn] [pid 563] [client ::1:53645] PHP Warning:  include_once(/mnt/d/http/shimada/lib/php/../../webrootDCviewsDCtemplatesDCdefault_layout.php): failed to open stream: No such file or directory in /mnt/d/http/shimada/lib/php/page.class.php on line 72
[Fri Mar 08 06:11:36.699845 2019] [php7:warn] [pid 563] [client ::1:53645] PHP Warning:  include_once(): Failed opening '/mnt/d/http/shimada/lib/php/../../webrootDCviewsDCtemplatesDCdefault_layout.php' for inclusion (include_path='.:/usr/share/php') in /mnt/d/http/shimada/lib/php/page.class.php on line 72
[Fri Mar 08 06:11:36.700016 2019] [php7:warn] [pid 563] [client ::1:53645] PHP Warning:  Use of undefined constant DC - assumed 'DC' (this will throw an Error in a future version of PHP) in /mnt/d/http/shimada/lib/php/page.class.php on line 48
[Fri Mar 08 06:11:36.700036 2019] [php7:warn] [pid 563] [client ::1:53645] PHP Warning:  Use of undefined constant DC - assumed 'DC' (this will throw an Error in a future version of PHP) in /mnt/d/http/shimada/lib/php/page.class.php on line 48
[Fri Mar 08 06:11:36.700507 2019] [php7:warn] [pid 563] [client ::1:53645] PHP Warning:  include_once(error): failed to open stream: No such file or directory in /mnt/d/http/shimada/lib/php/page.class.php on line 81
[Fri Mar 08 06:11:36.700528 2019] [php7:warn] [pid 563] [client ::1:53645] PHP Warning:  include_once(): Failed opening 'error' for inclusion (include_path='.:/usr/share/php') in /mnt/d/http/shimada/lib/php/page.class.php on line 81
[Fri Mar 08 06:11:37.802043 2019] [php7:warn] [pid 563] [client ::1:53645] PHP Warning:  Use of undefined constant DC - assumed 'DC' (this will throw an Error in a future version of PHP) in /mnt/d/http/shimada/lib/php/page.class.php on line 48
[Fri Mar 08 06:11:37.802081 2019] [php7:warn] [pid 563] [client ::1:53645] PHP Warning:  Use of undefined constant DC - assumed 'DC' (this will throw an Error in a future version of PHP) in /mnt/d/http/shimada/lib/php/page.class.php on line 48
[Fri Mar 08 06:11:37.802300 2019] [php7:warn] [pid 563] [client ::1:53645] PHP Warning:  Use of undefined constant DC - assumed 'DC' (this will throw an Error in a future version of PHP) in /mnt/d/http/shimada/lib/php/page.class.php on line 72
[Fri Mar 08 06:11:37.802322 2019] [php7:warn] [pid 563] [client ::1:53645] PHP Warning:  Use of undefined constant DC - assumed 'DC' (this will throw an Error in a future version of PHP) in /mnt/d/http/shimada/lib/php/page.class.php on line 72
[Fri Mar 08 06:11:37.802332 2019] [php7:warn] [pid 563] [client ::1:53645] PHP Warning:  Use of undefined constant DC - assumed 'DC' (this will throw an Error in a future version of PHP) in /mnt/d/http/shimada/lib/php/page.class.php on line 72
[Fri Mar 08 06:11:37.802462 2019] [php7:warn] [pid 563] [client ::1:53645] PHP Warning:  include_once(/mnt/d/http/shimada/lib/php/../../webrootDCviewsDCtemplatesDCdefault_layout.php): failed to open stream: No such file or directory in /mnt/d/http/shimada/lib/php/page.class.php on line 72
[Fri Mar 08 06:11:37.802479 2019] [php7:warn] [pid 563] [client ::1:53645] PHP Warning:  include_once(): Failed opening '/mnt/d/http/shimada/lib/php/../../webrootDCviewsDCtemplatesDCdefault_layout.php' for inclusion (include_path='.:/usr/share/php') in /mnt/d/http/shimada/lib/php/page.class.php on line 72
[Fri Mar 08 06:11:37.802571 2019] [php7:warn] [pid 563] [client ::1:53645] PHP Warning:  Use of undefined constant DC - assumed 'DC' (this will throw an Error in a future version of PHP) in /mnt/d/http/shimada/lib/php/page.class.php on line 48
[Fri Mar 08 06:11:37.802601 2019] [php7:warn] [pid 563] [client ::1:53645] PHP Warning:  Use of undefined constant DC - assumed 'DC' (this will throw an Error in a future version of PHP) in /mnt/d/http/shimada/lib/php/page.class.php on line 48
[Fri Mar 08 06:11:37.802997 2019] [php7:warn] [pid 563] [client ::1:53645] PHP Warning:  include_once(error): failed to open stream: No such file or directory in /mnt/d/http/shimada/lib/php/page.class.php on line 81
[Fri Mar 08 06:11:37.803021 2019] [php7:warn] [pid 563] [client ::1:53645] PHP Warning:  include_once(): Failed opening 'error' for inclusion (include_path='.:/usr/share/php') in /mnt/d/http/shimada/lib/php/page.class.php on line 81
[Fri Mar 08 06:11:37.846035 2019] [php7:error] [pid 563] [client ::1:53645] PHP Fatal error:  Uncaught Error: Class 'Favicon' not found in /mnt/d/http/shimada/index.php(24) : eval()'d code:1\nStack trace:\n#0 /mnt/d/http/shimada/index.php(24): eval()\n#1 {main}\n  thrown in /mnt/d/http/shimada/index.php(24) : eval()'d code on line 1, referer: http://localhost/
[Fri Mar 08 12:50:45.662528 2019] [php7:error] [pid 574] [client ::1:56009] PHP Fatal error:  Uncaught Error: Class 'Favicon' not found in /mnt/d/http/shimada/index.php(24) : eval()'d code:1\nStack trace:\n#0 /mnt/d/http/shimada/index.php(24): eval()\n#1 {main}\n  thrown in /mnt/d/http/shimada/index.php(24) : eval()'d code on line 1, referer: http://localhost/
